<?xml version="1.0" encoding="UTF-8"?>
<!-- Generated by org.testng.reporters.JUnitReportReporter -->
<testsuite skipped="0" hostname="DESKTOP-803K56V" name="com.Orangehrm.testCases.TC003_VerifyMyLeaveLinkDisplayed" tests="1" failures="0" timestamp="24 Feb 2022 01:40:06 GMT" time="3.133" errors="0">
  <testcase name="checkMyLeaveLinkDisplayedTest" time="3.133" classname="com.Orangehrm.testCases.TC003_VerifyMyLeaveLinkDisplayed"/>
</testsuite> <!-- com.Orangehrm.testCases.TC003_VerifyMyLeaveLinkDisplayed -->
