<?xml version="1.0" encoding="UTF-8"?>
<!-- Generated by org.testng.reporters.JUnitReportReporter -->
<testsuite skipped="0" hostname="DESKTOP-803K56V" name="com.Orangehrm.testCases.TC002_VerifyApplicationTitle" tests="1" failures="0" timestamp="24 Feb 2022 02:06:44 GMT" time="1.251" errors="0">
  <testcase name="checkApplicationTitleTest" time="1.251" classname="com.Orangehrm.testCases.TC002_VerifyApplicationTitle"/>
</testsuite> <!-- com.Orangehrm.testCases.TC002_VerifyApplicationTitle -->
